<?xml version="1.0" encoding="utf-8"?><testsuites name="pytest tests"><testsuite name="pytest" errors="0" failures="0" skipped="0" tests="11" time="5.720" timestamp="2026-05-05T13:52:28.867130+00:00" hostname="agent-env-c8f0d7d1-a782-49d1-9223-e6fbc55dec89"><testcase classname="backend.tests.test_meditrack_api.TestAuth" name="test_root" time="0.250" /><testcase classname="backend.tests.test_meditrack_api.TestAuth" name="test_me_unauth" time="0.145" /><testcase classname="backend.tests.test_meditrack_api.TestAuth" name="test_register_and_default_profile" time="0.433" /><testcase classname="backend.tests.test_meditrack_api.TestAuth" name="test_register_duplicate" time="0.461" /><testcase classname="backend.tests.test_meditrack_api.TestAuth" name="test_login_admin_and_me" time="0.421" /><testcase classname="backend.tests.test_meditrack_api.TestAuth" name="test_logout_clears" time="0.458" /><testcase classname="backend.tests.test_meditrack_api.TestAuth" name="test_brute_force_lockout" time="0.941" /><testcase classname="backend.tests.test_meditrack_api.TestProfiles" name="test_profile_crud" time="0.655" /><testcase classname="backend.tests.test_meditrack_api.TestMedicines" name="test_medicine_crud_and_schedule_flow" time="0.692" /><testcase classname="backend.tests.test_meditrack_api.TestMedicines" name="test_invalid_profile_rejected" time="0.065" /><testcase classname="backend.tests.test_meditrack_api.TestIsolation" name="test_cross_user_isolation" time="1.118" /></testsuite></testsuites>